ARM GAS  C:\Users\MAGIST~1\AppData\Local\Temp\cc6bK6vk.s 			page 1


   1              		.cpu cortex-m3
   2              		.eabi_attribute 20, 1
   3              		.eabi_attribute 21, 1
   4              		.eabi_attribute 23, 3
   5              		.eabi_attribute 24, 1
   6              		.eabi_attribute 25, 1
   7              		.eabi_attribute 26, 1
   8              		.eabi_attribute 30, 1
   9              		.eabi_attribute 34, 1
  10              		.eabi_attribute 18, 4
  11              		.file	"stm32f1xx_hal_msp.c"
  12              		.text
  13              	.Ltext0:
  14              		.cfi_sections	.debug_frame
  15              		.section	.text.HAL_MspInit,"ax",%progbits
  16              		.align	1
  17              		.global	HAL_MspInit
  18              		.arch armv7-m
  19              		.syntax unified
  20              		.thumb
  21              		.thumb_func
  22              		.fpu softvfp
  24              	HAL_MspInit:
  25              	.LFB65:
  26              		.file 1 "Src/stm32f1xx_hal_msp.c"
   1:Src/stm32f1xx_hal_msp.c **** /* USER CODE BEGIN Header */
   2:Src/stm32f1xx_hal_msp.c **** /**
   3:Src/stm32f1xx_hal_msp.c ****   ******************************************************************************
   4:Src/stm32f1xx_hal_msp.c ****   * File Name          : stm32f1xx_hal_msp.c
   5:Src/stm32f1xx_hal_msp.c ****   * Description        : This file provides code for the MSP Initialization
   6:Src/stm32f1xx_hal_msp.c ****   *                      and de-Initialization codes.
   7:Src/stm32f1xx_hal_msp.c ****   ******************************************************************************
   8:Src/stm32f1xx_hal_msp.c ****   * @attention
   9:Src/stm32f1xx_hal_msp.c ****   *
  10:Src/stm32f1xx_hal_msp.c ****   * <h2><center>&copy; Copyright (c) 2020 STMicroelectronics.
  11:Src/stm32f1xx_hal_msp.c ****   * All rights reserved.</center></h2>
  12:Src/stm32f1xx_hal_msp.c ****   *
  13:Src/stm32f1xx_hal_msp.c ****   * This software component is licensed by ST under BSD 3-Clause license,
  14:Src/stm32f1xx_hal_msp.c ****   * the "License"; You may not use this file except in compliance with the
  15:Src/stm32f1xx_hal_msp.c ****   * License. You may obtain a copy of the License at:
  16:Src/stm32f1xx_hal_msp.c ****   *                        opensource.org/licenses/BSD-3-Clause
  17:Src/stm32f1xx_hal_msp.c ****   *
  18:Src/stm32f1xx_hal_msp.c ****   ******************************************************************************
  19:Src/stm32f1xx_hal_msp.c ****   */
  20:Src/stm32f1xx_hal_msp.c **** /* USER CODE END Header */
  21:Src/stm32f1xx_hal_msp.c **** 
  22:Src/stm32f1xx_hal_msp.c **** /* Includes ------------------------------------------------------------------*/
  23:Src/stm32f1xx_hal_msp.c **** #include "main.h"
  24:Src/stm32f1xx_hal_msp.c **** /* USER CODE BEGIN Includes */
  25:Src/stm32f1xx_hal_msp.c **** 
  26:Src/stm32f1xx_hal_msp.c **** /* USER CODE END Includes */
  27:Src/stm32f1xx_hal_msp.c **** 
  28:Src/stm32f1xx_hal_msp.c **** /* Private typedef -----------------------------------------------------------*/
  29:Src/stm32f1xx_hal_msp.c **** /* USER CODE BEGIN TD */
  30:Src/stm32f1xx_hal_msp.c **** 
  31:Src/stm32f1xx_hal_msp.c **** /* USER CODE END TD */
  32:Src/stm32f1xx_hal_msp.c **** 
ARM GAS  C:\Users\MAGIST~1\AppData\Local\Temp\cc6bK6vk.s 			page 2


  33:Src/stm32f1xx_hal_msp.c **** /* Private define ------------------------------------------------------------*/
  34:Src/stm32f1xx_hal_msp.c **** /* USER CODE BEGIN Define */
  35:Src/stm32f1xx_hal_msp.c **** 
  36:Src/stm32f1xx_hal_msp.c **** /* USER CODE END Define */
  37:Src/stm32f1xx_hal_msp.c **** 
  38:Src/stm32f1xx_hal_msp.c **** /* Private macro -------------------------------------------------------------*/
  39:Src/stm32f1xx_hal_msp.c **** /* USER CODE BEGIN Macro */
  40:Src/stm32f1xx_hal_msp.c **** 
  41:Src/stm32f1xx_hal_msp.c **** /* USER CODE END Macro */
  42:Src/stm32f1xx_hal_msp.c **** 
  43:Src/stm32f1xx_hal_msp.c **** /* Private variables ---------------------------------------------------------*/
  44:Src/stm32f1xx_hal_msp.c **** /* USER CODE BEGIN PV */
  45:Src/stm32f1xx_hal_msp.c **** 
  46:Src/stm32f1xx_hal_msp.c **** /* USER CODE END PV */
  47:Src/stm32f1xx_hal_msp.c **** 
  48:Src/stm32f1xx_hal_msp.c **** /* Private function prototypes -----------------------------------------------*/
  49:Src/stm32f1xx_hal_msp.c **** /* USER CODE BEGIN PFP */
  50:Src/stm32f1xx_hal_msp.c **** 
  51:Src/stm32f1xx_hal_msp.c **** /* USER CODE END PFP */
  52:Src/stm32f1xx_hal_msp.c **** 
  53:Src/stm32f1xx_hal_msp.c **** /* External functions --------------------------------------------------------*/
  54:Src/stm32f1xx_hal_msp.c **** /* USER CODE BEGIN ExternalFunctions */
  55:Src/stm32f1xx_hal_msp.c **** 
  56:Src/stm32f1xx_hal_msp.c **** /* USER CODE END ExternalFunctions */
  57:Src/stm32f1xx_hal_msp.c **** 
  58:Src/stm32f1xx_hal_msp.c **** /* USER CODE BEGIN 0 */
  59:Src/stm32f1xx_hal_msp.c **** 
  60:Src/stm32f1xx_hal_msp.c **** /* USER CODE END 0 */
  61:Src/stm32f1xx_hal_msp.c **** /**
  62:Src/stm32f1xx_hal_msp.c ****   * Initializes the Global MSP.
  63:Src/stm32f1xx_hal_msp.c ****   */
  64:Src/stm32f1xx_hal_msp.c **** void HAL_MspInit(void)
  65:Src/stm32f1xx_hal_msp.c **** {
  27              		.loc 1 65 1 view -0
  28              		.cfi_startproc
  29              		@ args = 0, pretend = 0, frame = 8
  30              		@ frame_needed = 0, uses_anonymous_args = 0
  31              		@ link register save eliminated.
  32 0000 82B0     		sub	sp, sp, #8
  33              	.LCFI0:
  34              		.cfi_def_cfa_offset 8
  66:Src/stm32f1xx_hal_msp.c ****   /* USER CODE BEGIN MspInit 0 */
  67:Src/stm32f1xx_hal_msp.c **** 
  68:Src/stm32f1xx_hal_msp.c ****   /* USER CODE END MspInit 0 */
  69:Src/stm32f1xx_hal_msp.c **** 
  70:Src/stm32f1xx_hal_msp.c ****   __HAL_RCC_AFIO_CLK_ENABLE();
  35              		.loc 1 70 3 view .LVU1
  36              	.LBB2:
  37              		.loc 1 70 3 view .LVU2
  38              		.loc 1 70 3 view .LVU3
  39 0002 0E4B     		ldr	r3, .L3
  40 0004 9A69     		ldr	r2, [r3, #24]
  41 0006 42F00102 		orr	r2, r2, #1
  42 000a 9A61     		str	r2, [r3, #24]
  43              		.loc 1 70 3 view .LVU4
  44 000c 9A69     		ldr	r2, [r3, #24]
  45 000e 02F00102 		and	r2, r2, #1
ARM GAS  C:\Users\MAGIST~1\AppData\Local\Temp\cc6bK6vk.s 			page 3


  46 0012 0092     		str	r2, [sp]
  47              		.loc 1 70 3 view .LVU5
  48 0014 009A     		ldr	r2, [sp]
  49              	.LBE2:
  71:Src/stm32f1xx_hal_msp.c ****   __HAL_RCC_PWR_CLK_ENABLE();
  50              		.loc 1 71 3 view .LVU6
  51              	.LBB3:
  52              		.loc 1 71 3 view .LVU7
  53              		.loc 1 71 3 view .LVU8
  54 0016 DA69     		ldr	r2, [r3, #28]
  55 0018 42F08052 		orr	r2, r2, #268435456
  56 001c DA61     		str	r2, [r3, #28]
  57              		.loc 1 71 3 view .LVU9
  58 001e DB69     		ldr	r3, [r3, #28]
  59 0020 03F08053 		and	r3, r3, #268435456
  60 0024 0193     		str	r3, [sp, #4]
  61              		.loc 1 71 3 view .LVU10
  62 0026 019B     		ldr	r3, [sp, #4]
  63              	.LBE3:
  72:Src/stm32f1xx_hal_msp.c **** 
  73:Src/stm32f1xx_hal_msp.c ****   /* System interrupt init*/
  74:Src/stm32f1xx_hal_msp.c **** 
  75:Src/stm32f1xx_hal_msp.c ****   /** NOJTAG: JTAG-DP Disabled and SW-DP Enabled
  76:Src/stm32f1xx_hal_msp.c ****   */
  77:Src/stm32f1xx_hal_msp.c ****   __HAL_AFIO_REMAP_SWJ_NOJTAG();
  64              		.loc 1 77 3 view .LVU11
  65              	.LBB4:
  66              		.loc 1 77 3 view .LVU12
  67 0028 054A     		ldr	r2, .L3+4
  68 002a 5368     		ldr	r3, [r2, #4]
  69              	.LVL0:
  70              		.loc 1 77 3 view .LVU13
  71 002c 23F0E063 		bic	r3, r3, #117440512
  72              	.LVL1:
  73              		.loc 1 77 3 view .LVU14
  74 0030 43F00073 		orr	r3, r3, #33554432
  75              	.LVL2:
  76              		.loc 1 77 3 view .LVU15
  77 0034 5360     		str	r3, [r2, #4]
  78              	.LBE4:
  78:Src/stm32f1xx_hal_msp.c **** 
  79:Src/stm32f1xx_hal_msp.c ****   /* USER CODE BEGIN MspInit 1 */
  80:Src/stm32f1xx_hal_msp.c **** 
  81:Src/stm32f1xx_hal_msp.c ****   /* USER CODE END MspInit 1 */
  82:Src/stm32f1xx_hal_msp.c **** }
  79              		.loc 1 82 1 is_stmt 0 view .LVU16
  80 0036 02B0     		add	sp, sp, #8
  81              	.LCFI1:
  82              		.cfi_def_cfa_offset 0
  83              		@ sp needed
  84 0038 7047     		bx	lr
  85              	.L4:
  86 003a 00BF     		.align	2
  87              	.L3:
  88 003c 00100240 		.word	1073876992
  89 0040 00000140 		.word	1073807360
  90              		.cfi_endproc
ARM GAS  C:\Users\MAGIST~1\AppData\Local\Temp\cc6bK6vk.s 			page 4


  91              	.LFE65:
  93              		.section	.text.HAL_ADC_MspInit,"ax",%progbits
  94              		.align	1
  95              		.global	HAL_ADC_MspInit
  96              		.syntax unified
  97              		.thumb
  98              		.thumb_func
  99              		.fpu softvfp
 101              	HAL_ADC_MspInit:
 102              	.LVL3:
 103              	.LFB66:
  83:Src/stm32f1xx_hal_msp.c **** 
  84:Src/stm32f1xx_hal_msp.c **** /**
  85:Src/stm32f1xx_hal_msp.c **** * @brief ADC MSP Initialization
  86:Src/stm32f1xx_hal_msp.c **** * This function configures the hardware resources used in this example
  87:Src/stm32f1xx_hal_msp.c **** * @param hadc: ADC handle pointer
  88:Src/stm32f1xx_hal_msp.c **** * @retval None
  89:Src/stm32f1xx_hal_msp.c **** */
  90:Src/stm32f1xx_hal_msp.c **** void HAL_ADC_MspInit(ADC_HandleTypeDef* hadc)
  91:Src/stm32f1xx_hal_msp.c **** {
 104              		.loc 1 91 1 is_stmt 1 view -0
 105              		.cfi_startproc
 106              		@ args = 0, pretend = 0, frame = 24
 107              		@ frame_needed = 0, uses_anonymous_args = 0
 108              		.loc 1 91 1 is_stmt 0 view .LVU18
 109 0000 00B5     		push	{lr}
 110              	.LCFI2:
 111              		.cfi_def_cfa_offset 4
 112              		.cfi_offset 14, -4
 113 0002 87B0     		sub	sp, sp, #28
 114              	.LCFI3:
 115              		.cfi_def_cfa_offset 32
  92:Src/stm32f1xx_hal_msp.c ****   GPIO_InitTypeDef GPIO_InitStruct = {0};
 116              		.loc 1 92 3 is_stmt 1 view .LVU19
 117              		.loc 1 92 20 is_stmt 0 view .LVU20
 118 0004 0023     		movs	r3, #0
 119 0006 0293     		str	r3, [sp, #8]
 120 0008 0393     		str	r3, [sp, #12]
 121 000a 0493     		str	r3, [sp, #16]
 122 000c 0593     		str	r3, [sp, #20]
  93:Src/stm32f1xx_hal_msp.c ****   if(hadc->Instance==ADC1)
 123              		.loc 1 93 3 is_stmt 1 view .LVU21
 124              		.loc 1 93 10 is_stmt 0 view .LVU22
 125 000e 0268     		ldr	r2, [r0]
 126              		.loc 1 93 5 view .LVU23
 127 0010 114B     		ldr	r3, .L9
 128 0012 9A42     		cmp	r2, r3
 129 0014 02D0     		beq	.L8
 130              	.LVL4:
 131              	.L5:
  94:Src/stm32f1xx_hal_msp.c ****   {
  95:Src/stm32f1xx_hal_msp.c ****   /* USER CODE BEGIN ADC1_MspInit 0 */
  96:Src/stm32f1xx_hal_msp.c **** 
  97:Src/stm32f1xx_hal_msp.c ****   /* USER CODE END ADC1_MspInit 0 */
  98:Src/stm32f1xx_hal_msp.c ****     /* Peripheral clock enable */
  99:Src/stm32f1xx_hal_msp.c ****     __HAL_RCC_ADC1_CLK_ENABLE();
 100:Src/stm32f1xx_hal_msp.c **** 
ARM GAS  C:\Users\MAGIST~1\AppData\Local\Temp\cc6bK6vk.s 			page 5


 101:Src/stm32f1xx_hal_msp.c ****     __HAL_RCC_GPIOA_CLK_ENABLE();
 102:Src/stm32f1xx_hal_msp.c ****     /**ADC1 GPIO Configuration
 103:Src/stm32f1xx_hal_msp.c ****     PA1     ------> ADC1_IN1
 104:Src/stm32f1xx_hal_msp.c ****     PA2     ------> ADC1_IN2
 105:Src/stm32f1xx_hal_msp.c ****     */
 106:Src/stm32f1xx_hal_msp.c ****     GPIO_InitStruct.Pin = GPIO_PIN_1|GPIO_PIN_2;
 107:Src/stm32f1xx_hal_msp.c ****     GPIO_InitStruct.Mode = GPIO_MODE_ANALOG;
 108:Src/stm32f1xx_hal_msp.c ****     HAL_GPIO_Init(GPIOA, &GPIO_InitStruct);
 109:Src/stm32f1xx_hal_msp.c **** 
 110:Src/stm32f1xx_hal_msp.c ****   /* USER CODE BEGIN ADC1_MspInit 1 */
 111:Src/stm32f1xx_hal_msp.c **** 
 112:Src/stm32f1xx_hal_msp.c ****   /* USER CODE END ADC1_MspInit 1 */
 113:Src/stm32f1xx_hal_msp.c ****   }
 114:Src/stm32f1xx_hal_msp.c **** 
 115:Src/stm32f1xx_hal_msp.c **** }
 132              		.loc 1 115 1 view .LVU24
 133 0016 07B0     		add	sp, sp, #28
 134              	.LCFI4:
 135              		.cfi_remember_state
 136              		.cfi_def_cfa_offset 4
 137              		@ sp needed
 138 0018 5DF804FB 		ldr	pc, [sp], #4
 139              	.LVL5:
 140              	.L8:
 141              	.LCFI5:
 142              		.cfi_restore_state
  99:Src/stm32f1xx_hal_msp.c **** 
 143              		.loc 1 99 5 is_stmt 1 view .LVU25
 144              	.LBB5:
  99:Src/stm32f1xx_hal_msp.c **** 
 145              		.loc 1 99 5 view .LVU26
  99:Src/stm32f1xx_hal_msp.c **** 
 146              		.loc 1 99 5 view .LVU27
 147 001c 03F56C43 		add	r3, r3, #60416
 148 0020 9A69     		ldr	r2, [r3, #24]
 149 0022 42F40072 		orr	r2, r2, #512
 150 0026 9A61     		str	r2, [r3, #24]
  99:Src/stm32f1xx_hal_msp.c **** 
 151              		.loc 1 99 5 view .LVU28
 152 0028 9A69     		ldr	r2, [r3, #24]
 153 002a 02F40072 		and	r2, r2, #512
 154 002e 0092     		str	r2, [sp]
  99:Src/stm32f1xx_hal_msp.c **** 
 155              		.loc 1 99 5 view .LVU29
 156 0030 009A     		ldr	r2, [sp]
 157              	.LBE5:
 101:Src/stm32f1xx_hal_msp.c ****     /**ADC1 GPIO Configuration
 158              		.loc 1 101 5 view .LVU30
 159              	.LBB6:
 101:Src/stm32f1xx_hal_msp.c ****     /**ADC1 GPIO Configuration
 160              		.loc 1 101 5 view .LVU31
 101:Src/stm32f1xx_hal_msp.c ****     /**ADC1 GPIO Configuration
 161              		.loc 1 101 5 view .LVU32
 162 0032 9A69     		ldr	r2, [r3, #24]
 163 0034 42F00402 		orr	r2, r2, #4
 164 0038 9A61     		str	r2, [r3, #24]
 101:Src/stm32f1xx_hal_msp.c ****     /**ADC1 GPIO Configuration
ARM GAS  C:\Users\MAGIST~1\AppData\Local\Temp\cc6bK6vk.s 			page 6


 165              		.loc 1 101 5 view .LVU33
 166 003a 9B69     		ldr	r3, [r3, #24]
 167 003c 03F00403 		and	r3, r3, #4
 168 0040 0193     		str	r3, [sp, #4]
 101:Src/stm32f1xx_hal_msp.c ****     /**ADC1 GPIO Configuration
 169              		.loc 1 101 5 view .LVU34
 170 0042 019B     		ldr	r3, [sp, #4]
 171              	.LBE6:
 106:Src/stm32f1xx_hal_msp.c ****     GPIO_InitStruct.Mode = GPIO_MODE_ANALOG;
 172              		.loc 1 106 5 view .LVU35
 106:Src/stm32f1xx_hal_msp.c ****     GPIO_InitStruct.Mode = GPIO_MODE_ANALOG;
 173              		.loc 1 106 25 is_stmt 0 view .LVU36
 174 0044 0623     		movs	r3, #6
 175 0046 0293     		str	r3, [sp, #8]
 107:Src/stm32f1xx_hal_msp.c ****     HAL_GPIO_Init(GPIOA, &GPIO_InitStruct);
 176              		.loc 1 107 5 is_stmt 1 view .LVU37
 107:Src/stm32f1xx_hal_msp.c ****     HAL_GPIO_Init(GPIOA, &GPIO_InitStruct);
 177              		.loc 1 107 26 is_stmt 0 view .LVU38
 178 0048 0323     		movs	r3, #3
 179 004a 0393     		str	r3, [sp, #12]
 108:Src/stm32f1xx_hal_msp.c **** 
 180              		.loc 1 108 5 is_stmt 1 view .LVU39
 181 004c 02A9     		add	r1, sp, #8
 182 004e 0348     		ldr	r0, .L9+4
 183              	.LVL6:
 108:Src/stm32f1xx_hal_msp.c **** 
 184              		.loc 1 108 5 is_stmt 0 view .LVU40
 185 0050 FFF7FEFF 		bl	HAL_GPIO_Init
 186              	.LVL7:
 187              		.loc 1 115 1 view .LVU41
 188 0054 DFE7     		b	.L5
 189              	.L10:
 190 0056 00BF     		.align	2
 191              	.L9:
 192 0058 00240140 		.word	1073816576
 193 005c 00080140 		.word	1073809408
 194              		.cfi_endproc
 195              	.LFE66:
 197              		.section	.text.HAL_ADC_MspDeInit,"ax",%progbits
 198              		.align	1
 199              		.global	HAL_ADC_MspDeInit
 200              		.syntax unified
 201              		.thumb
 202              		.thumb_func
 203              		.fpu softvfp
 205              	HAL_ADC_MspDeInit:
 206              	.LVL8:
 207              	.LFB67:
 116:Src/stm32f1xx_hal_msp.c **** 
 117:Src/stm32f1xx_hal_msp.c **** /**
 118:Src/stm32f1xx_hal_msp.c **** * @brief ADC MSP De-Initialization
 119:Src/stm32f1xx_hal_msp.c **** * This function freeze the hardware resources used in this example
 120:Src/stm32f1xx_hal_msp.c **** * @param hadc: ADC handle pointer
 121:Src/stm32f1xx_hal_msp.c **** * @retval None
 122:Src/stm32f1xx_hal_msp.c **** */
 123:Src/stm32f1xx_hal_msp.c **** void HAL_ADC_MspDeInit(ADC_HandleTypeDef* hadc)
 124:Src/stm32f1xx_hal_msp.c **** {
ARM GAS  C:\Users\MAGIST~1\AppData\Local\Temp\cc6bK6vk.s 			page 7


 208              		.loc 1 124 1 is_stmt 1 view -0
 209              		.cfi_startproc
 210              		@ args = 0, pretend = 0, frame = 0
 211              		@ frame_needed = 0, uses_anonymous_args = 0
 212              		.loc 1 124 1 is_stmt 0 view .LVU43
 213 0000 08B5     		push	{r3, lr}
 214              	.LCFI6:
 215              		.cfi_def_cfa_offset 8
 216              		.cfi_offset 3, -8
 217              		.cfi_offset 14, -4
 125:Src/stm32f1xx_hal_msp.c ****   if(hadc->Instance==ADC1)
 218              		.loc 1 125 3 is_stmt 1 view .LVU44
 219              		.loc 1 125 10 is_stmt 0 view .LVU45
 220 0002 0268     		ldr	r2, [r0]
 221              		.loc 1 125 5 view .LVU46
 222 0004 064B     		ldr	r3, .L15
 223 0006 9A42     		cmp	r2, r3
 224 0008 00D0     		beq	.L14
 225              	.LVL9:
 226              	.L11:
 126:Src/stm32f1xx_hal_msp.c ****   {
 127:Src/stm32f1xx_hal_msp.c ****   /* USER CODE BEGIN ADC1_MspDeInit 0 */
 128:Src/stm32f1xx_hal_msp.c **** 
 129:Src/stm32f1xx_hal_msp.c ****   /* USER CODE END ADC1_MspDeInit 0 */
 130:Src/stm32f1xx_hal_msp.c ****     /* Peripheral clock disable */
 131:Src/stm32f1xx_hal_msp.c ****     __HAL_RCC_ADC1_CLK_DISABLE();
 132:Src/stm32f1xx_hal_msp.c **** 
 133:Src/stm32f1xx_hal_msp.c ****     /**ADC1 GPIO Configuration
 134:Src/stm32f1xx_hal_msp.c ****     PA1     ------> ADC1_IN1
 135:Src/stm32f1xx_hal_msp.c ****     PA2     ------> ADC1_IN2
 136:Src/stm32f1xx_hal_msp.c ****     */
 137:Src/stm32f1xx_hal_msp.c ****     HAL_GPIO_DeInit(GPIOA, GPIO_PIN_1|GPIO_PIN_2);
 138:Src/stm32f1xx_hal_msp.c **** 
 139:Src/stm32f1xx_hal_msp.c ****   /* USER CODE BEGIN ADC1_MspDeInit 1 */
 140:Src/stm32f1xx_hal_msp.c **** 
 141:Src/stm32f1xx_hal_msp.c ****   /* USER CODE END ADC1_MspDeInit 1 */
 142:Src/stm32f1xx_hal_msp.c ****   }
 143:Src/stm32f1xx_hal_msp.c **** 
 144:Src/stm32f1xx_hal_msp.c **** }
 227              		.loc 1 144 1 view .LVU47
 228 000a 08BD     		pop	{r3, pc}
 229              	.LVL10:
 230              	.L14:
 131:Src/stm32f1xx_hal_msp.c **** 
 231              		.loc 1 131 5 is_stmt 1 view .LVU48
 232 000c 054A     		ldr	r2, .L15+4
 233 000e 9369     		ldr	r3, [r2, #24]
 234 0010 23F40073 		bic	r3, r3, #512
 235 0014 9361     		str	r3, [r2, #24]
 137:Src/stm32f1xx_hal_msp.c **** 
 236              		.loc 1 137 5 view .LVU49
 237 0016 0621     		movs	r1, #6
 238 0018 0348     		ldr	r0, .L15+8
 239              	.LVL11:
 137:Src/stm32f1xx_hal_msp.c **** 
 240              		.loc 1 137 5 is_stmt 0 view .LVU50
 241 001a FFF7FEFF 		bl	HAL_GPIO_DeInit
ARM GAS  C:\Users\MAGIST~1\AppData\Local\Temp\cc6bK6vk.s 			page 8


 242              	.LVL12:
 243              		.loc 1 144 1 view .LVU51
 244 001e F4E7     		b	.L11
 245              	.L16:
 246              		.align	2
 247              	.L15:
 248 0020 00240140 		.word	1073816576
 249 0024 00100240 		.word	1073876992
 250 0028 00080140 		.word	1073809408
 251              		.cfi_endproc
 252              	.LFE67:
 254              		.section	.text.HAL_I2C_MspInit,"ax",%progbits
 255              		.align	1
 256              		.global	HAL_I2C_MspInit
 257              		.syntax unified
 258              		.thumb
 259              		.thumb_func
 260              		.fpu softvfp
 262              	HAL_I2C_MspInit:
 263              	.LVL13:
 264              	.LFB68:
 145:Src/stm32f1xx_hal_msp.c **** 
 146:Src/stm32f1xx_hal_msp.c **** /**
 147:Src/stm32f1xx_hal_msp.c **** * @brief I2C MSP Initialization
 148:Src/stm32f1xx_hal_msp.c **** * This function configures the hardware resources used in this example
 149:Src/stm32f1xx_hal_msp.c **** * @param hi2c: I2C handle pointer
 150:Src/stm32f1xx_hal_msp.c **** * @retval None
 151:Src/stm32f1xx_hal_msp.c **** */
 152:Src/stm32f1xx_hal_msp.c **** void HAL_I2C_MspInit(I2C_HandleTypeDef* hi2c)
 153:Src/stm32f1xx_hal_msp.c **** {
 265              		.loc 1 153 1 is_stmt 1 view -0
 266              		.cfi_startproc
 267              		@ args = 0, pretend = 0, frame = 24
 268              		@ frame_needed = 0, uses_anonymous_args = 0
 269              		.loc 1 153 1 is_stmt 0 view .LVU53
 270 0000 10B5     		push	{r4, lr}
 271              	.LCFI7:
 272              		.cfi_def_cfa_offset 8
 273              		.cfi_offset 4, -8
 274              		.cfi_offset 14, -4
 275 0002 86B0     		sub	sp, sp, #24
 276              	.LCFI8:
 277              		.cfi_def_cfa_offset 32
 154:Src/stm32f1xx_hal_msp.c ****   GPIO_InitTypeDef GPIO_InitStruct = {0};
 278              		.loc 1 154 3 is_stmt 1 view .LVU54
 279              		.loc 1 154 20 is_stmt 0 view .LVU55
 280 0004 0023     		movs	r3, #0
 281 0006 0293     		str	r3, [sp, #8]
 282 0008 0393     		str	r3, [sp, #12]
 283 000a 0493     		str	r3, [sp, #16]
 284 000c 0593     		str	r3, [sp, #20]
 155:Src/stm32f1xx_hal_msp.c ****   if(hi2c->Instance==I2C1)
 285              		.loc 1 155 3 is_stmt 1 view .LVU56
 286              		.loc 1 155 10 is_stmt 0 view .LVU57
 287 000e 0268     		ldr	r2, [r0]
 288              		.loc 1 155 5 view .LVU58
 289 0010 154B     		ldr	r3, .L21
ARM GAS  C:\Users\MAGIST~1\AppData\Local\Temp\cc6bK6vk.s 			page 9


 290 0012 9A42     		cmp	r2, r3
 291 0014 01D0     		beq	.L20
 292              	.LVL14:
 293              	.L17:
 156:Src/stm32f1xx_hal_msp.c ****   {
 157:Src/stm32f1xx_hal_msp.c ****   /* USER CODE BEGIN I2C1_MspInit 0 */
 158:Src/stm32f1xx_hal_msp.c **** 
 159:Src/stm32f1xx_hal_msp.c ****   /* USER CODE END I2C1_MspInit 0 */
 160:Src/stm32f1xx_hal_msp.c **** 
 161:Src/stm32f1xx_hal_msp.c ****     __HAL_RCC_GPIOB_CLK_ENABLE();
 162:Src/stm32f1xx_hal_msp.c ****     /**I2C1 GPIO Configuration
 163:Src/stm32f1xx_hal_msp.c ****     PB8     ------> I2C1_SCL
 164:Src/stm32f1xx_hal_msp.c ****     PB9     ------> I2C1_SDA
 165:Src/stm32f1xx_hal_msp.c ****     */
 166:Src/stm32f1xx_hal_msp.c ****     GPIO_InitStruct.Pin = GPIO_PIN_8|GPIO_PIN_9;
 167:Src/stm32f1xx_hal_msp.c ****     GPIO_InitStruct.Mode = GPIO_MODE_AF_OD;
 168:Src/stm32f1xx_hal_msp.c ****     GPIO_InitStruct.Speed = GPIO_SPEED_FREQ_HIGH;
 169:Src/stm32f1xx_hal_msp.c ****     HAL_GPIO_Init(GPIOB, &GPIO_InitStruct);
 170:Src/stm32f1xx_hal_msp.c **** 
 171:Src/stm32f1xx_hal_msp.c ****     __HAL_AFIO_REMAP_I2C1_ENABLE();
 172:Src/stm32f1xx_hal_msp.c **** 
 173:Src/stm32f1xx_hal_msp.c ****     /* Peripheral clock enable */
 174:Src/stm32f1xx_hal_msp.c ****     __HAL_RCC_I2C1_CLK_ENABLE();
 175:Src/stm32f1xx_hal_msp.c ****   /* USER CODE BEGIN I2C1_MspInit 1 */
 176:Src/stm32f1xx_hal_msp.c **** 
 177:Src/stm32f1xx_hal_msp.c ****   /* USER CODE END I2C1_MspInit 1 */
 178:Src/stm32f1xx_hal_msp.c ****   }
 179:Src/stm32f1xx_hal_msp.c **** 
 180:Src/stm32f1xx_hal_msp.c **** }
 294              		.loc 1 180 1 view .LVU59
 295 0016 06B0     		add	sp, sp, #24
 296              	.LCFI9:
 297              		.cfi_remember_state
 298              		.cfi_def_cfa_offset 8
 299              		@ sp needed
 300 0018 10BD     		pop	{r4, pc}
 301              	.LVL15:
 302              	.L20:
 303              	.LCFI10:
 304              		.cfi_restore_state
 161:Src/stm32f1xx_hal_msp.c ****     /**I2C1 GPIO Configuration
 305              		.loc 1 161 5 is_stmt 1 view .LVU60
 306              	.LBB7:
 161:Src/stm32f1xx_hal_msp.c ****     /**I2C1 GPIO Configuration
 307              		.loc 1 161 5 view .LVU61
 161:Src/stm32f1xx_hal_msp.c ****     /**I2C1 GPIO Configuration
 308              		.loc 1 161 5 view .LVU62
 309 001a 144C     		ldr	r4, .L21+4
 310 001c A369     		ldr	r3, [r4, #24]
 311 001e 43F00803 		orr	r3, r3, #8
 312 0022 A361     		str	r3, [r4, #24]
 161:Src/stm32f1xx_hal_msp.c ****     /**I2C1 GPIO Configuration
 313              		.loc 1 161 5 view .LVU63
 314 0024 A369     		ldr	r3, [r4, #24]
 315 0026 03F00803 		and	r3, r3, #8
 316 002a 0093     		str	r3, [sp]
 161:Src/stm32f1xx_hal_msp.c ****     /**I2C1 GPIO Configuration
ARM GAS  C:\Users\MAGIST~1\AppData\Local\Temp\cc6bK6vk.s 			page 10


 317              		.loc 1 161 5 view .LVU64
 318 002c 009B     		ldr	r3, [sp]
 319              	.LBE7:
 166:Src/stm32f1xx_hal_msp.c ****     GPIO_InitStruct.Mode = GPIO_MODE_AF_OD;
 320              		.loc 1 166 5 view .LVU65
 166:Src/stm32f1xx_hal_msp.c ****     GPIO_InitStruct.Mode = GPIO_MODE_AF_OD;
 321              		.loc 1 166 25 is_stmt 0 view .LVU66
 322 002e 4FF44073 		mov	r3, #768
 323 0032 0293     		str	r3, [sp, #8]
 167:Src/stm32f1xx_hal_msp.c ****     GPIO_InitStruct.Speed = GPIO_SPEED_FREQ_HIGH;
 324              		.loc 1 167 5 is_stmt 1 view .LVU67
 167:Src/stm32f1xx_hal_msp.c ****     GPIO_InitStruct.Speed = GPIO_SPEED_FREQ_HIGH;
 325              		.loc 1 167 26 is_stmt 0 view .LVU68
 326 0034 1223     		movs	r3, #18
 327 0036 0393     		str	r3, [sp, #12]
 168:Src/stm32f1xx_hal_msp.c ****     HAL_GPIO_Init(GPIOB, &GPIO_InitStruct);
 328              		.loc 1 168 5 is_stmt 1 view .LVU69
 168:Src/stm32f1xx_hal_msp.c ****     HAL_GPIO_Init(GPIOB, &GPIO_InitStruct);
 329              		.loc 1 168 27 is_stmt 0 view .LVU70
 330 0038 0323     		movs	r3, #3
 331 003a 0593     		str	r3, [sp, #20]
 169:Src/stm32f1xx_hal_msp.c **** 
 332              		.loc 1 169 5 is_stmt 1 view .LVU71
 333 003c 02A9     		add	r1, sp, #8
 334 003e 0C48     		ldr	r0, .L21+8
 335              	.LVL16:
 169:Src/stm32f1xx_hal_msp.c **** 
 336              		.loc 1 169 5 is_stmt 0 view .LVU72
 337 0040 FFF7FEFF 		bl	HAL_GPIO_Init
 338              	.LVL17:
 171:Src/stm32f1xx_hal_msp.c **** 
 339              		.loc 1 171 5 is_stmt 1 view .LVU73
 340              	.LBB8:
 171:Src/stm32f1xx_hal_msp.c **** 
 341              		.loc 1 171 5 view .LVU74
 342 0044 0B4A     		ldr	r2, .L21+12
 343 0046 5368     		ldr	r3, [r2, #4]
 344              	.LVL18:
 171:Src/stm32f1xx_hal_msp.c **** 
 345              		.loc 1 171 5 view .LVU75
 171:Src/stm32f1xx_hal_msp.c **** 
 346              		.loc 1 171 5 view .LVU76
 347 0048 43F0E063 		orr	r3, r3, #117440512
 348              	.LVL19:
 171:Src/stm32f1xx_hal_msp.c **** 
 349              		.loc 1 171 5 is_stmt 0 view .LVU77
 350 004c 43F00203 		orr	r3, r3, #2
 351              	.LVL20:
 171:Src/stm32f1xx_hal_msp.c **** 
 352              		.loc 1 171 5 is_stmt 1 view .LVU78
 353 0050 5360     		str	r3, [r2, #4]
 354              	.LBE8:
 174:Src/stm32f1xx_hal_msp.c ****   /* USER CODE BEGIN I2C1_MspInit 1 */
 355              		.loc 1 174 5 view .LVU79
 356              	.LBB9:
 174:Src/stm32f1xx_hal_msp.c ****   /* USER CODE BEGIN I2C1_MspInit 1 */
 357              		.loc 1 174 5 view .LVU80
ARM GAS  C:\Users\MAGIST~1\AppData\Local\Temp\cc6bK6vk.s 			page 11


 174:Src/stm32f1xx_hal_msp.c ****   /* USER CODE BEGIN I2C1_MspInit 1 */
 358              		.loc 1 174 5 view .LVU81
 359 0052 E369     		ldr	r3, [r4, #28]
 360              	.LVL21:
 174:Src/stm32f1xx_hal_msp.c ****   /* USER CODE BEGIN I2C1_MspInit 1 */
 361              		.loc 1 174 5 is_stmt 0 view .LVU82
 362 0054 43F40013 		orr	r3, r3, #2097152
 363 0058 E361     		str	r3, [r4, #28]
 364              	.LVL22:
 174:Src/stm32f1xx_hal_msp.c ****   /* USER CODE BEGIN I2C1_MspInit 1 */
 365              		.loc 1 174 5 is_stmt 1 view .LVU83
 366 005a E369     		ldr	r3, [r4, #28]
 367 005c 03F40013 		and	r3, r3, #2097152
 368 0060 0193     		str	r3, [sp, #4]
 174:Src/stm32f1xx_hal_msp.c ****   /* USER CODE BEGIN I2C1_MspInit 1 */
 369              		.loc 1 174 5 view .LVU84
 370 0062 019B     		ldr	r3, [sp, #4]
 371              	.LBE9:
 372              		.loc 1 180 1 is_stmt 0 view .LVU85
 373 0064 D7E7     		b	.L17
 374              	.L22:
 375 0066 00BF     		.align	2
 376              	.L21:
 377 0068 00540040 		.word	1073763328
 378 006c 00100240 		.word	1073876992
 379 0070 000C0140 		.word	1073810432
 380 0074 00000140 		.word	1073807360
 381              		.cfi_endproc
 382              	.LFE68:
 384              		.section	.text.HAL_I2C_MspDeInit,"ax",%progbits
 385              		.align	1
 386              		.global	HAL_I2C_MspDeInit
 387              		.syntax unified
 388              		.thumb
 389              		.thumb_func
 390              		.fpu softvfp
 392              	HAL_I2C_MspDeInit:
 393              	.LVL23:
 394              	.LFB69:
 181:Src/stm32f1xx_hal_msp.c **** 
 182:Src/stm32f1xx_hal_msp.c **** /**
 183:Src/stm32f1xx_hal_msp.c **** * @brief I2C MSP De-Initialization
 184:Src/stm32f1xx_hal_msp.c **** * This function freeze the hardware resources used in this example
 185:Src/stm32f1xx_hal_msp.c **** * @param hi2c: I2C handle pointer
 186:Src/stm32f1xx_hal_msp.c **** * @retval None
 187:Src/stm32f1xx_hal_msp.c **** */
 188:Src/stm32f1xx_hal_msp.c **** void HAL_I2C_MspDeInit(I2C_HandleTypeDef* hi2c)
 189:Src/stm32f1xx_hal_msp.c **** {
 395              		.loc 1 189 1 is_stmt 1 view -0
 396              		.cfi_startproc
 397              		@ args = 0, pretend = 0, frame = 0
 398              		@ frame_needed = 0, uses_anonymous_args = 0
 190:Src/stm32f1xx_hal_msp.c ****   if(hi2c->Instance==I2C1)
 399              		.loc 1 190 3 view .LVU87
 400              		.loc 1 190 10 is_stmt 0 view .LVU88
 401 0000 0268     		ldr	r2, [r0]
 402              		.loc 1 190 5 view .LVU89
ARM GAS  C:\Users\MAGIST~1\AppData\Local\Temp\cc6bK6vk.s 			page 12


 403 0002 0B4B     		ldr	r3, .L30
 404 0004 9A42     		cmp	r2, r3
 405 0006 00D0     		beq	.L29
 406 0008 7047     		bx	lr
 407              	.L29:
 189:Src/stm32f1xx_hal_msp.c ****   if(hi2c->Instance==I2C1)
 408              		.loc 1 189 1 view .LVU90
 409 000a 10B5     		push	{r4, lr}
 410              	.LCFI11:
 411              		.cfi_def_cfa_offset 8
 412              		.cfi_offset 4, -8
 413              		.cfi_offset 14, -4
 191:Src/stm32f1xx_hal_msp.c ****   {
 192:Src/stm32f1xx_hal_msp.c ****   /* USER CODE BEGIN I2C1_MspDeInit 0 */
 193:Src/stm32f1xx_hal_msp.c **** 
 194:Src/stm32f1xx_hal_msp.c ****   /* USER CODE END I2C1_MspDeInit 0 */
 195:Src/stm32f1xx_hal_msp.c ****     /* Peripheral clock disable */
 196:Src/stm32f1xx_hal_msp.c ****     __HAL_RCC_I2C1_CLK_DISABLE();
 414              		.loc 1 196 5 is_stmt 1 view .LVU91
 415 000c 094A     		ldr	r2, .L30+4
 416 000e D369     		ldr	r3, [r2, #28]
 417 0010 23F40013 		bic	r3, r3, #2097152
 418 0014 D361     		str	r3, [r2, #28]
 197:Src/stm32f1xx_hal_msp.c **** 
 198:Src/stm32f1xx_hal_msp.c ****     /**I2C1 GPIO Configuration
 199:Src/stm32f1xx_hal_msp.c ****     PB8     ------> I2C1_SCL
 200:Src/stm32f1xx_hal_msp.c ****     PB9     ------> I2C1_SDA
 201:Src/stm32f1xx_hal_msp.c ****     */
 202:Src/stm32f1xx_hal_msp.c ****     HAL_GPIO_DeInit(GPIOB, GPIO_PIN_8);
 419              		.loc 1 202 5 view .LVU92
 420 0016 084C     		ldr	r4, .L30+8
 421 0018 4FF48071 		mov	r1, #256
 422 001c 2046     		mov	r0, r4
 423              	.LVL24:
 424              		.loc 1 202 5 is_stmt 0 view .LVU93
 425 001e FFF7FEFF 		bl	HAL_GPIO_DeInit
 426              	.LVL25:
 203:Src/stm32f1xx_hal_msp.c **** 
 204:Src/stm32f1xx_hal_msp.c ****     HAL_GPIO_DeInit(GPIOB, GPIO_PIN_9);
 427              		.loc 1 204 5 is_stmt 1 view .LVU94
 428 0022 4FF40071 		mov	r1, #512
 429 0026 2046     		mov	r0, r4
 430 0028 FFF7FEFF 		bl	HAL_GPIO_DeInit
 431              	.LVL26:
 205:Src/stm32f1xx_hal_msp.c **** 
 206:Src/stm32f1xx_hal_msp.c ****   /* USER CODE BEGIN I2C1_MspDeInit 1 */
 207:Src/stm32f1xx_hal_msp.c **** 
 208:Src/stm32f1xx_hal_msp.c ****   /* USER CODE END I2C1_MspDeInit 1 */
 209:Src/stm32f1xx_hal_msp.c ****   }
 210:Src/stm32f1xx_hal_msp.c **** 
 211:Src/stm32f1xx_hal_msp.c **** }
 432              		.loc 1 211 1 is_stmt 0 view .LVU95
 433 002c 10BD     		pop	{r4, pc}
 434              	.L31:
 435 002e 00BF     		.align	2
 436              	.L30:
 437 0030 00540040 		.word	1073763328
ARM GAS  C:\Users\MAGIST~1\AppData\Local\Temp\cc6bK6vk.s 			page 13


 438 0034 00100240 		.word	1073876992
 439 0038 000C0140 		.word	1073810432
 440              		.cfi_endproc
 441              	.LFE69:
 443              		.section	.text.HAL_TIM_Base_MspInit,"ax",%progbits
 444              		.align	1
 445              		.global	HAL_TIM_Base_MspInit
 446              		.syntax unified
 447              		.thumb
 448              		.thumb_func
 449              		.fpu softvfp
 451              	HAL_TIM_Base_MspInit:
 452              	.LVL27:
 453              	.LFB70:
 212:Src/stm32f1xx_hal_msp.c **** 
 213:Src/stm32f1xx_hal_msp.c **** /**
 214:Src/stm32f1xx_hal_msp.c **** * @brief TIM_Base MSP Initialization
 215:Src/stm32f1xx_hal_msp.c **** * This function configures the hardware resources used in this example
 216:Src/stm32f1xx_hal_msp.c **** * @param htim_base: TIM_Base handle pointer
 217:Src/stm32f1xx_hal_msp.c **** * @retval None
 218:Src/stm32f1xx_hal_msp.c **** */
 219:Src/stm32f1xx_hal_msp.c **** void HAL_TIM_Base_MspInit(TIM_HandleTypeDef* htim_base)
 220:Src/stm32f1xx_hal_msp.c **** {
 454              		.loc 1 220 1 is_stmt 1 view -0
 455              		.cfi_startproc
 456              		@ args = 0, pretend = 0, frame = 8
 457              		@ frame_needed = 0, uses_anonymous_args = 0
 221:Src/stm32f1xx_hal_msp.c ****   if(htim_base->Instance==TIM1)
 458              		.loc 1 221 3 view .LVU97
 459              		.loc 1 221 15 is_stmt 0 view .LVU98
 460 0000 0268     		ldr	r2, [r0]
 461              		.loc 1 221 5 view .LVU99
 462 0002 0E4B     		ldr	r3, .L39
 463 0004 9A42     		cmp	r2, r3
 464 0006 00D0     		beq	.L38
 465 0008 7047     		bx	lr
 466              	.L38:
 220:Src/stm32f1xx_hal_msp.c ****   if(htim_base->Instance==TIM1)
 467              		.loc 1 220 1 view .LVU100
 468 000a 00B5     		push	{lr}
 469              	.LCFI12:
 470              		.cfi_def_cfa_offset 4
 471              		.cfi_offset 14, -4
 472 000c 83B0     		sub	sp, sp, #12
 473              	.LCFI13:
 474              		.cfi_def_cfa_offset 16
 222:Src/stm32f1xx_hal_msp.c ****   {
 223:Src/stm32f1xx_hal_msp.c ****   /* USER CODE BEGIN TIM1_MspInit 0 */
 224:Src/stm32f1xx_hal_msp.c **** 
 225:Src/stm32f1xx_hal_msp.c ****   /* USER CODE END TIM1_MspInit 0 */
 226:Src/stm32f1xx_hal_msp.c ****     /* Peripheral clock enable */
 227:Src/stm32f1xx_hal_msp.c ****     __HAL_RCC_TIM1_CLK_ENABLE();
 475              		.loc 1 227 5 is_stmt 1 view .LVU101
 476              	.LBB10:
 477              		.loc 1 227 5 view .LVU102
 478              		.loc 1 227 5 view .LVU103
 479 000e 03F56443 		add	r3, r3, #58368
ARM GAS  C:\Users\MAGIST~1\AppData\Local\Temp\cc6bK6vk.s 			page 14


 480 0012 9A69     		ldr	r2, [r3, #24]
 481 0014 42F40062 		orr	r2, r2, #2048
 482 0018 9A61     		str	r2, [r3, #24]
 483              		.loc 1 227 5 view .LVU104
 484 001a 9B69     		ldr	r3, [r3, #24]
 485 001c 03F40063 		and	r3, r3, #2048
 486 0020 0193     		str	r3, [sp, #4]
 487              		.loc 1 227 5 view .LVU105
 488 0022 019B     		ldr	r3, [sp, #4]
 489              	.LBE10:
 228:Src/stm32f1xx_hal_msp.c ****     /* TIM1 interrupt Init */
 229:Src/stm32f1xx_hal_msp.c ****     HAL_NVIC_SetPriority(TIM1_UP_IRQn, 0, 0);
 490              		.loc 1 229 5 view .LVU106
 491 0024 0022     		movs	r2, #0
 492 0026 1146     		mov	r1, r2
 493 0028 1920     		movs	r0, #25
 494              	.LVL28:
 495              		.loc 1 229 5 is_stmt 0 view .LVU107
 496 002a FFF7FEFF 		bl	HAL_NVIC_SetPriority
 497              	.LVL29:
 230:Src/stm32f1xx_hal_msp.c ****     HAL_NVIC_EnableIRQ(TIM1_UP_IRQn);
 498              		.loc 1 230 5 is_stmt 1 view .LVU108
 499 002e 1920     		movs	r0, #25
 500 0030 FFF7FEFF 		bl	HAL_NVIC_EnableIRQ
 501              	.LVL30:
 231:Src/stm32f1xx_hal_msp.c ****   /* USER CODE BEGIN TIM1_MspInit 1 */
 232:Src/stm32f1xx_hal_msp.c **** 
 233:Src/stm32f1xx_hal_msp.c ****   /* USER CODE END TIM1_MspInit 1 */
 234:Src/stm32f1xx_hal_msp.c ****   }
 235:Src/stm32f1xx_hal_msp.c **** 
 236:Src/stm32f1xx_hal_msp.c **** }
 502              		.loc 1 236 1 is_stmt 0 view .LVU109
 503 0034 03B0     		add	sp, sp, #12
 504              	.LCFI14:
 505              		.cfi_def_cfa_offset 4
 506              		@ sp needed
 507 0036 5DF804FB 		ldr	pc, [sp], #4
 508              	.L40:
 509 003a 00BF     		.align	2
 510              	.L39:
 511 003c 002C0140 		.word	1073818624
 512              		.cfi_endproc
 513              	.LFE70:
 515              		.section	.text.HAL_TIM_IC_MspInit,"ax",%progbits
 516              		.align	1
 517              		.global	HAL_TIM_IC_MspInit
 518              		.syntax unified
 519              		.thumb
 520              		.thumb_func
 521              		.fpu softvfp
 523              	HAL_TIM_IC_MspInit:
 524              	.LVL31:
 525              	.LFB71:
 237:Src/stm32f1xx_hal_msp.c **** 
 238:Src/stm32f1xx_hal_msp.c **** /**
 239:Src/stm32f1xx_hal_msp.c **** * @brief TIM_IC MSP Initialization
 240:Src/stm32f1xx_hal_msp.c **** * This function configures the hardware resources used in this example
ARM GAS  C:\Users\MAGIST~1\AppData\Local\Temp\cc6bK6vk.s 			page 15


 241:Src/stm32f1xx_hal_msp.c **** * @param htim_ic: TIM_IC handle pointer
 242:Src/stm32f1xx_hal_msp.c **** * @retval None
 243:Src/stm32f1xx_hal_msp.c **** */
 244:Src/stm32f1xx_hal_msp.c **** void HAL_TIM_IC_MspInit(TIM_HandleTypeDef* htim_ic)
 245:Src/stm32f1xx_hal_msp.c **** {
 526              		.loc 1 245 1 is_stmt 1 view -0
 527              		.cfi_startproc
 528              		@ args = 0, pretend = 0, frame = 24
 529              		@ frame_needed = 0, uses_anonymous_args = 0
 530              		.loc 1 245 1 is_stmt 0 view .LVU111
 531 0000 00B5     		push	{lr}
 532              	.LCFI15:
 533              		.cfi_def_cfa_offset 4
 534              		.cfi_offset 14, -4
 535 0002 87B0     		sub	sp, sp, #28
 536              	.LCFI16:
 537              		.cfi_def_cfa_offset 32
 246:Src/stm32f1xx_hal_msp.c ****   GPIO_InitTypeDef GPIO_InitStruct = {0};
 538              		.loc 1 246 3 is_stmt 1 view .LVU112
 539              		.loc 1 246 20 is_stmt 0 view .LVU113
 540 0004 0023     		movs	r3, #0
 541 0006 0293     		str	r3, [sp, #8]
 542 0008 0393     		str	r3, [sp, #12]
 543 000a 0493     		str	r3, [sp, #16]
 544 000c 0593     		str	r3, [sp, #20]
 247:Src/stm32f1xx_hal_msp.c ****   if(htim_ic->Instance==TIM2)
 545              		.loc 1 247 3 is_stmt 1 view .LVU114
 546              		.loc 1 247 13 is_stmt 0 view .LVU115
 547 000e 0368     		ldr	r3, [r0]
 548              		.loc 1 247 5 view .LVU116
 549 0010 B3F1804F 		cmp	r3, #1073741824
 550 0014 02D0     		beq	.L44
 551              	.LVL32:
 552              	.L41:
 248:Src/stm32f1xx_hal_msp.c ****   {
 249:Src/stm32f1xx_hal_msp.c ****   /* USER CODE BEGIN TIM2_MspInit 0 */
 250:Src/stm32f1xx_hal_msp.c **** 
 251:Src/stm32f1xx_hal_msp.c ****   /* USER CODE END TIM2_MspInit 0 */
 252:Src/stm32f1xx_hal_msp.c ****     /* Peripheral clock enable */
 253:Src/stm32f1xx_hal_msp.c ****     __HAL_RCC_TIM2_CLK_ENABLE();
 254:Src/stm32f1xx_hal_msp.c **** 
 255:Src/stm32f1xx_hal_msp.c ****     __HAL_RCC_GPIOA_CLK_ENABLE();
 256:Src/stm32f1xx_hal_msp.c ****     /**TIM2 GPIO Configuration
 257:Src/stm32f1xx_hal_msp.c ****     PA15     ------> TIM2_CH1
 258:Src/stm32f1xx_hal_msp.c ****     */
 259:Src/stm32f1xx_hal_msp.c ****     GPIO_InitStruct.Pin = GPIO_PIN_15;
 260:Src/stm32f1xx_hal_msp.c ****     GPIO_InitStruct.Mode = GPIO_MODE_INPUT;
 261:Src/stm32f1xx_hal_msp.c ****     GPIO_InitStruct.Pull = GPIO_NOPULL;
 262:Src/stm32f1xx_hal_msp.c ****     HAL_GPIO_Init(GPIOA, &GPIO_InitStruct);
 263:Src/stm32f1xx_hal_msp.c **** 
 264:Src/stm32f1xx_hal_msp.c ****     __HAL_AFIO_REMAP_TIM2_PARTIAL_1();
 265:Src/stm32f1xx_hal_msp.c **** 
 266:Src/stm32f1xx_hal_msp.c ****   /* USER CODE BEGIN TIM2_MspInit 1 */
 267:Src/stm32f1xx_hal_msp.c **** 
 268:Src/stm32f1xx_hal_msp.c ****   /* USER CODE END TIM2_MspInit 1 */
 269:Src/stm32f1xx_hal_msp.c ****   }
 270:Src/stm32f1xx_hal_msp.c **** 
ARM GAS  C:\Users\MAGIST~1\AppData\Local\Temp\cc6bK6vk.s 			page 16


 271:Src/stm32f1xx_hal_msp.c **** }
 553              		.loc 1 271 1 view .LVU117
 554 0016 07B0     		add	sp, sp, #28
 555              	.LCFI17:
 556              		.cfi_remember_state
 557              		.cfi_def_cfa_offset 4
 558              		@ sp needed
 559 0018 5DF804FB 		ldr	pc, [sp], #4
 560              	.LVL33:
 561              	.L44:
 562              	.LCFI18:
 563              		.cfi_restore_state
 253:Src/stm32f1xx_hal_msp.c **** 
 564              		.loc 1 253 5 is_stmt 1 view .LVU118
 565              	.LBB11:
 253:Src/stm32f1xx_hal_msp.c **** 
 566              		.loc 1 253 5 view .LVU119
 253:Src/stm32f1xx_hal_msp.c **** 
 567              		.loc 1 253 5 view .LVU120
 568 001c 03F50433 		add	r3, r3, #135168
 569 0020 DA69     		ldr	r2, [r3, #28]
 570 0022 42F00102 		orr	r2, r2, #1
 571 0026 DA61     		str	r2, [r3, #28]
 253:Src/stm32f1xx_hal_msp.c **** 
 572              		.loc 1 253 5 view .LVU121
 573 0028 DA69     		ldr	r2, [r3, #28]
 574 002a 02F00102 		and	r2, r2, #1
 575 002e 0092     		str	r2, [sp]
 253:Src/stm32f1xx_hal_msp.c **** 
 576              		.loc 1 253 5 view .LVU122
 577 0030 009A     		ldr	r2, [sp]
 578              	.LBE11:
 255:Src/stm32f1xx_hal_msp.c ****     /**TIM2 GPIO Configuration
 579              		.loc 1 255 5 view .LVU123
 580              	.LBB12:
 255:Src/stm32f1xx_hal_msp.c ****     /**TIM2 GPIO Configuration
 581              		.loc 1 255 5 view .LVU124
 255:Src/stm32f1xx_hal_msp.c ****     /**TIM2 GPIO Configuration
 582              		.loc 1 255 5 view .LVU125
 583 0032 9A69     		ldr	r2, [r3, #24]
 584 0034 42F00402 		orr	r2, r2, #4
 585 0038 9A61     		str	r2, [r3, #24]
 255:Src/stm32f1xx_hal_msp.c ****     /**TIM2 GPIO Configuration
 586              		.loc 1 255 5 view .LVU126
 587 003a 9B69     		ldr	r3, [r3, #24]
 588 003c 03F00403 		and	r3, r3, #4
 589 0040 0193     		str	r3, [sp, #4]
 255:Src/stm32f1xx_hal_msp.c ****     /**TIM2 GPIO Configuration
 590              		.loc 1 255 5 view .LVU127
 591 0042 019B     		ldr	r3, [sp, #4]
 592              	.LBE12:
 259:Src/stm32f1xx_hal_msp.c ****     GPIO_InitStruct.Mode = GPIO_MODE_INPUT;
 593              		.loc 1 259 5 view .LVU128
 259:Src/stm32f1xx_hal_msp.c ****     GPIO_InitStruct.Mode = GPIO_MODE_INPUT;
 594              		.loc 1 259 25 is_stmt 0 view .LVU129
 595 0044 4FF40043 		mov	r3, #32768
 596 0048 0293     		str	r3, [sp, #8]
ARM GAS  C:\Users\MAGIST~1\AppData\Local\Temp\cc6bK6vk.s 			page 17


 260:Src/stm32f1xx_hal_msp.c ****     GPIO_InitStruct.Pull = GPIO_NOPULL;
 597              		.loc 1 260 5 is_stmt 1 view .LVU130
 261:Src/stm32f1xx_hal_msp.c ****     HAL_GPIO_Init(GPIOA, &GPIO_InitStruct);
 598              		.loc 1 261 5 view .LVU131
 262:Src/stm32f1xx_hal_msp.c **** 
 599              		.loc 1 262 5 view .LVU132
 600 004a 02A9     		add	r1, sp, #8
 601 004c 0648     		ldr	r0, .L45
 602              	.LVL34:
 262:Src/stm32f1xx_hal_msp.c **** 
 603              		.loc 1 262 5 is_stmt 0 view .LVU133
 604 004e FFF7FEFF 		bl	HAL_GPIO_Init
 605              	.LVL35:
 264:Src/stm32f1xx_hal_msp.c **** 
 606              		.loc 1 264 5 is_stmt 1 view .LVU134
 607              	.LBB13:
 264:Src/stm32f1xx_hal_msp.c **** 
 608              		.loc 1 264 5 view .LVU135
 609 0052 064A     		ldr	r2, .L45+4
 610 0054 5368     		ldr	r3, [r2, #4]
 611              	.LVL36:
 264:Src/stm32f1xx_hal_msp.c **** 
 612              		.loc 1 264 5 view .LVU136
 613 0056 23F44073 		bic	r3, r3, #768
 614              	.LVL37:
 264:Src/stm32f1xx_hal_msp.c **** 
 615              		.loc 1 264 5 view .LVU137
 264:Src/stm32f1xx_hal_msp.c **** 
 616              		.loc 1 264 5 view .LVU138
 617 005a 43F0E063 		orr	r3, r3, #117440512
 618              	.LVL38:
 264:Src/stm32f1xx_hal_msp.c **** 
 619              		.loc 1 264 5 is_stmt 0 view .LVU139
 620 005e 43F48073 		orr	r3, r3, #256
 621              	.LVL39:
 264:Src/stm32f1xx_hal_msp.c **** 
 622              		.loc 1 264 5 is_stmt 1 view .LVU140
 623 0062 5360     		str	r3, [r2, #4]
 624              	.LBE13:
 625              		.loc 1 271 1 is_stmt 0 view .LVU141
 626 0064 D7E7     		b	.L41
 627              	.L46:
 628 0066 00BF     		.align	2
 629              	.L45:
 630 0068 00080140 		.word	1073809408
 631 006c 00000140 		.word	1073807360
 632              		.cfi_endproc
 633              	.LFE71:
 635              		.section	.text.HAL_TIM_Base_MspDeInit,"ax",%progbits
 636              		.align	1
 637              		.global	HAL_TIM_Base_MspDeInit
 638              		.syntax unified
 639              		.thumb
 640              		.thumb_func
 641              		.fpu softvfp
 643              	HAL_TIM_Base_MspDeInit:
 644              	.LVL40:
ARM GAS  C:\Users\MAGIST~1\AppData\Local\Temp\cc6bK6vk.s 			page 18


 645              	.LFB72:
 272:Src/stm32f1xx_hal_msp.c **** 
 273:Src/stm32f1xx_hal_msp.c **** /**
 274:Src/stm32f1xx_hal_msp.c **** * @brief TIM_Base MSP De-Initialization
 275:Src/stm32f1xx_hal_msp.c **** * This function freeze the hardware resources used in this example
 276:Src/stm32f1xx_hal_msp.c **** * @param htim_base: TIM_Base handle pointer
 277:Src/stm32f1xx_hal_msp.c **** * @retval None
 278:Src/stm32f1xx_hal_msp.c **** */
 279:Src/stm32f1xx_hal_msp.c **** void HAL_TIM_Base_MspDeInit(TIM_HandleTypeDef* htim_base)
 280:Src/stm32f1xx_hal_msp.c **** {
 646              		.loc 1 280 1 is_stmt 1 view -0
 647              		.cfi_startproc
 648              		@ args = 0, pretend = 0, frame = 0
 649              		@ frame_needed = 0, uses_anonymous_args = 0
 650              		.loc 1 280 1 is_stmt 0 view .LVU143
 651 0000 08B5     		push	{r3, lr}
 652              	.LCFI19:
 653              		.cfi_def_cfa_offset 8
 654              		.cfi_offset 3, -8
 655              		.cfi_offset 14, -4
 281:Src/stm32f1xx_hal_msp.c ****   if(htim_base->Instance==TIM1)
 656              		.loc 1 281 3 is_stmt 1 view .LVU144
 657              		.loc 1 281 15 is_stmt 0 view .LVU145
 658 0002 0268     		ldr	r2, [r0]
 659              		.loc 1 281 5 view .LVU146
 660 0004 064B     		ldr	r3, .L51
 661 0006 9A42     		cmp	r2, r3
 662 0008 00D0     		beq	.L50
 663              	.LVL41:
 664              	.L47:
 282:Src/stm32f1xx_hal_msp.c ****   {
 283:Src/stm32f1xx_hal_msp.c ****   /* USER CODE BEGIN TIM1_MspDeInit 0 */
 284:Src/stm32f1xx_hal_msp.c **** 
 285:Src/stm32f1xx_hal_msp.c ****   /* USER CODE END TIM1_MspDeInit 0 */
 286:Src/stm32f1xx_hal_msp.c ****     /* Peripheral clock disable */
 287:Src/stm32f1xx_hal_msp.c ****     __HAL_RCC_TIM1_CLK_DISABLE();
 288:Src/stm32f1xx_hal_msp.c **** 
 289:Src/stm32f1xx_hal_msp.c ****     /* TIM1 interrupt DeInit */
 290:Src/stm32f1xx_hal_msp.c ****     HAL_NVIC_DisableIRQ(TIM1_UP_IRQn);
 291:Src/stm32f1xx_hal_msp.c ****   /* USER CODE BEGIN TIM1_MspDeInit 1 */
 292:Src/stm32f1xx_hal_msp.c **** 
 293:Src/stm32f1xx_hal_msp.c ****   /* USER CODE END TIM1_MspDeInit 1 */
 294:Src/stm32f1xx_hal_msp.c ****   }
 295:Src/stm32f1xx_hal_msp.c **** 
 296:Src/stm32f1xx_hal_msp.c **** }
 665              		.loc 1 296 1 view .LVU147
 666 000a 08BD     		pop	{r3, pc}
 667              	.LVL42:
 668              	.L50:
 287:Src/stm32f1xx_hal_msp.c **** 
 669              		.loc 1 287 5 is_stmt 1 view .LVU148
 670 000c 054A     		ldr	r2, .L51+4
 671 000e 9369     		ldr	r3, [r2, #24]
 672 0010 23F40063 		bic	r3, r3, #2048
 673 0014 9361     		str	r3, [r2, #24]
 290:Src/stm32f1xx_hal_msp.c ****   /* USER CODE BEGIN TIM1_MspDeInit 1 */
 674              		.loc 1 290 5 view .LVU149
ARM GAS  C:\Users\MAGIST~1\AppData\Local\Temp\cc6bK6vk.s 			page 19


 675 0016 1920     		movs	r0, #25
 676              	.LVL43:
 290:Src/stm32f1xx_hal_msp.c ****   /* USER CODE BEGIN TIM1_MspDeInit 1 */
 677              		.loc 1 290 5 is_stmt 0 view .LVU150
 678 0018 FFF7FEFF 		bl	HAL_NVIC_DisableIRQ
 679              	.LVL44:
 680              		.loc 1 296 1 view .LVU151
 681 001c F5E7     		b	.L47
 682              	.L52:
 683 001e 00BF     		.align	2
 684              	.L51:
 685 0020 002C0140 		.word	1073818624
 686 0024 00100240 		.word	1073876992
 687              		.cfi_endproc
 688              	.LFE72:
 690              		.section	.text.HAL_TIM_IC_MspDeInit,"ax",%progbits
 691              		.align	1
 692              		.global	HAL_TIM_IC_MspDeInit
 693              		.syntax unified
 694              		.thumb
 695              		.thumb_func
 696              		.fpu softvfp
 698              	HAL_TIM_IC_MspDeInit:
 699              	.LVL45:
 700              	.LFB73:
 297:Src/stm32f1xx_hal_msp.c **** 
 298:Src/stm32f1xx_hal_msp.c **** /**
 299:Src/stm32f1xx_hal_msp.c **** * @brief TIM_IC MSP De-Initialization
 300:Src/stm32f1xx_hal_msp.c **** * This function freeze the hardware resources used in this example
 301:Src/stm32f1xx_hal_msp.c **** * @param htim_ic: TIM_IC handle pointer
 302:Src/stm32f1xx_hal_msp.c **** * @retval None
 303:Src/stm32f1xx_hal_msp.c **** */
 304:Src/stm32f1xx_hal_msp.c **** void HAL_TIM_IC_MspDeInit(TIM_HandleTypeDef* htim_ic)
 305:Src/stm32f1xx_hal_msp.c **** {
 701              		.loc 1 305 1 is_stmt 1 view -0
 702              		.cfi_startproc
 703              		@ args = 0, pretend = 0, frame = 0
 704              		@ frame_needed = 0, uses_anonymous_args = 0
 705              		.loc 1 305 1 is_stmt 0 view .LVU153
 706 0000 08B5     		push	{r3, lr}
 707              	.LCFI20:
 708              		.cfi_def_cfa_offset 8
 709              		.cfi_offset 3, -8
 710              		.cfi_offset 14, -4
 306:Src/stm32f1xx_hal_msp.c ****   if(htim_ic->Instance==TIM2)
 711              		.loc 1 306 3 is_stmt 1 view .LVU154
 712              		.loc 1 306 13 is_stmt 0 view .LVU155
 713 0002 0368     		ldr	r3, [r0]
 714              		.loc 1 306 5 view .LVU156
 715 0004 B3F1804F 		cmp	r3, #1073741824
 716 0008 00D0     		beq	.L56
 717              	.LVL46:
 718              	.L53:
 307:Src/stm32f1xx_hal_msp.c ****   {
 308:Src/stm32f1xx_hal_msp.c ****   /* USER CODE BEGIN TIM2_MspDeInit 0 */
 309:Src/stm32f1xx_hal_msp.c **** 
 310:Src/stm32f1xx_hal_msp.c ****   /* USER CODE END TIM2_MspDeInit 0 */
ARM GAS  C:\Users\MAGIST~1\AppData\Local\Temp\cc6bK6vk.s 			page 20


 311:Src/stm32f1xx_hal_msp.c ****     /* Peripheral clock disable */
 312:Src/stm32f1xx_hal_msp.c ****     __HAL_RCC_TIM2_CLK_DISABLE();
 313:Src/stm32f1xx_hal_msp.c **** 
 314:Src/stm32f1xx_hal_msp.c ****     /**TIM2 GPIO Configuration
 315:Src/stm32f1xx_hal_msp.c ****     PA15     ------> TIM2_CH1
 316:Src/stm32f1xx_hal_msp.c ****     */
 317:Src/stm32f1xx_hal_msp.c ****     HAL_GPIO_DeInit(GPIOA, GPIO_PIN_15);
 318:Src/stm32f1xx_hal_msp.c **** 
 319:Src/stm32f1xx_hal_msp.c ****   /* USER CODE BEGIN TIM2_MspDeInit 1 */
 320:Src/stm32f1xx_hal_msp.c **** 
 321:Src/stm32f1xx_hal_msp.c ****   /* USER CODE END TIM2_MspDeInit 1 */
 322:Src/stm32f1xx_hal_msp.c ****   }
 323:Src/stm32f1xx_hal_msp.c **** 
 324:Src/stm32f1xx_hal_msp.c **** }
 719              		.loc 1 324 1 view .LVU157
 720 000a 08BD     		pop	{r3, pc}
 721              	.LVL47:
 722              	.L56:
 312:Src/stm32f1xx_hal_msp.c **** 
 723              		.loc 1 312 5 is_stmt 1 view .LVU158
 724 000c 054A     		ldr	r2, .L57
 725 000e D369     		ldr	r3, [r2, #28]
 726 0010 23F00103 		bic	r3, r3, #1
 727 0014 D361     		str	r3, [r2, #28]
 317:Src/stm32f1xx_hal_msp.c **** 
 728              		.loc 1 317 5 view .LVU159
 729 0016 4FF40041 		mov	r1, #32768
 730 001a 0348     		ldr	r0, .L57+4
 731              	.LVL48:
 317:Src/stm32f1xx_hal_msp.c **** 
 732              		.loc 1 317 5 is_stmt 0 view .LVU160
 733 001c FFF7FEFF 		bl	HAL_GPIO_DeInit
 734              	.LVL49:
 735              		.loc 1 324 1 view .LVU161
 736 0020 F3E7     		b	.L53
 737              	.L58:
 738 0022 00BF     		.align	2
 739              	.L57:
 740 0024 00100240 		.word	1073876992
 741 0028 00080140 		.word	1073809408
 742              		.cfi_endproc
 743              	.LFE73:
 745              		.section	.text.HAL_UART_MspInit,"ax",%progbits
 746              		.align	1
 747              		.global	HAL_UART_MspInit
 748              		.syntax unified
 749              		.thumb
 750              		.thumb_func
 751              		.fpu softvfp
 753              	HAL_UART_MspInit:
 754              	.LVL50:
 755              	.LFB74:
 325:Src/stm32f1xx_hal_msp.c **** 
 326:Src/stm32f1xx_hal_msp.c **** /**
 327:Src/stm32f1xx_hal_msp.c **** * @brief UART MSP Initialization
 328:Src/stm32f1xx_hal_msp.c **** * This function configures the hardware resources used in this example
 329:Src/stm32f1xx_hal_msp.c **** * @param huart: UART handle pointer
ARM GAS  C:\Users\MAGIST~1\AppData\Local\Temp\cc6bK6vk.s 			page 21


 330:Src/stm32f1xx_hal_msp.c **** * @retval None
 331:Src/stm32f1xx_hal_msp.c **** */
 332:Src/stm32f1xx_hal_msp.c **** void HAL_UART_MspInit(UART_HandleTypeDef* huart)
 333:Src/stm32f1xx_hal_msp.c **** {
 756              		.loc 1 333 1 is_stmt 1 view -0
 757              		.cfi_startproc
 758              		@ args = 0, pretend = 0, frame = 24
 759              		@ frame_needed = 0, uses_anonymous_args = 0
 760              		.loc 1 333 1 is_stmt 0 view .LVU163
 761 0000 30B5     		push	{r4, r5, lr}
 762              	.LCFI21:
 763              		.cfi_def_cfa_offset 12
 764              		.cfi_offset 4, -12
 765              		.cfi_offset 5, -8
 766              		.cfi_offset 14, -4
 767 0002 87B0     		sub	sp, sp, #28
 768              	.LCFI22:
 769              		.cfi_def_cfa_offset 40
 334:Src/stm32f1xx_hal_msp.c ****   GPIO_InitTypeDef GPIO_InitStruct = {0};
 770              		.loc 1 334 3 is_stmt 1 view .LVU164
 771              		.loc 1 334 20 is_stmt 0 view .LVU165
 772 0004 0023     		movs	r3, #0
 773 0006 0293     		str	r3, [sp, #8]
 774 0008 0393     		str	r3, [sp, #12]
 775 000a 0493     		str	r3, [sp, #16]
 776 000c 0593     		str	r3, [sp, #20]
 335:Src/stm32f1xx_hal_msp.c ****   if(huart->Instance==USART1)
 777              		.loc 1 335 3 is_stmt 1 view .LVU166
 778              		.loc 1 335 11 is_stmt 0 view .LVU167
 779 000e 0268     		ldr	r2, [r0]
 780              		.loc 1 335 5 view .LVU168
 781 0010 1E4B     		ldr	r3, .L63
 782 0012 9A42     		cmp	r2, r3
 783 0014 01D0     		beq	.L62
 784              	.LVL51:
 785              	.L59:
 336:Src/stm32f1xx_hal_msp.c ****   {
 337:Src/stm32f1xx_hal_msp.c ****   /* USER CODE BEGIN USART1_MspInit 0 */
 338:Src/stm32f1xx_hal_msp.c **** 
 339:Src/stm32f1xx_hal_msp.c ****   /* USER CODE END USART1_MspInit 0 */
 340:Src/stm32f1xx_hal_msp.c ****     /* Peripheral clock enable */
 341:Src/stm32f1xx_hal_msp.c ****     __HAL_RCC_USART1_CLK_ENABLE();
 342:Src/stm32f1xx_hal_msp.c **** 
 343:Src/stm32f1xx_hal_msp.c ****     __HAL_RCC_GPIOB_CLK_ENABLE();
 344:Src/stm32f1xx_hal_msp.c ****     /**USART1 GPIO Configuration
 345:Src/stm32f1xx_hal_msp.c ****     PB6     ------> USART1_TX
 346:Src/stm32f1xx_hal_msp.c ****     PB7     ------> USART1_RX
 347:Src/stm32f1xx_hal_msp.c ****     */
 348:Src/stm32f1xx_hal_msp.c ****     GPIO_InitStruct.Pin = GPIO_PIN_6;
 349:Src/stm32f1xx_hal_msp.c ****     GPIO_InitStruct.Mode = GPIO_MODE_AF_PP;
 350:Src/stm32f1xx_hal_msp.c ****     GPIO_InitStruct.Speed = GPIO_SPEED_FREQ_HIGH;
 351:Src/stm32f1xx_hal_msp.c ****     HAL_GPIO_Init(GPIOB, &GPIO_InitStruct);
 352:Src/stm32f1xx_hal_msp.c **** 
 353:Src/stm32f1xx_hal_msp.c ****     GPIO_InitStruct.Pin = GPIO_PIN_7;
 354:Src/stm32f1xx_hal_msp.c ****     GPIO_InitStruct.Mode = GPIO_MODE_INPUT;
 355:Src/stm32f1xx_hal_msp.c ****     GPIO_InitStruct.Pull = GPIO_NOPULL;
 356:Src/stm32f1xx_hal_msp.c ****     HAL_GPIO_Init(GPIOB, &GPIO_InitStruct);
ARM GAS  C:\Users\MAGIST~1\AppData\Local\Temp\cc6bK6vk.s 			page 22


 357:Src/stm32f1xx_hal_msp.c **** 
 358:Src/stm32f1xx_hal_msp.c ****     __HAL_AFIO_REMAP_USART1_ENABLE();
 359:Src/stm32f1xx_hal_msp.c **** 
 360:Src/stm32f1xx_hal_msp.c ****     /* USART1 interrupt Init */
 361:Src/stm32f1xx_hal_msp.c ****     HAL_NVIC_SetPriority(USART1_IRQn, 0, 0);
 362:Src/stm32f1xx_hal_msp.c ****     HAL_NVIC_EnableIRQ(USART1_IRQn);
 363:Src/stm32f1xx_hal_msp.c ****   /* USER CODE BEGIN USART1_MspInit 1 */
 364:Src/stm32f1xx_hal_msp.c **** 
 365:Src/stm32f1xx_hal_msp.c ****   /* USER CODE END USART1_MspInit 1 */
 366:Src/stm32f1xx_hal_msp.c ****   }
 367:Src/stm32f1xx_hal_msp.c **** 
 368:Src/stm32f1xx_hal_msp.c **** }
 786              		.loc 1 368 1 view .LVU169
 787 0016 07B0     		add	sp, sp, #28
 788              	.LCFI23:
 789              		.cfi_remember_state
 790              		.cfi_def_cfa_offset 12
 791              		@ sp needed
 792 0018 30BD     		pop	{r4, r5, pc}
 793              	.LVL52:
 794              	.L62:
 795              	.LCFI24:
 796              		.cfi_restore_state
 341:Src/stm32f1xx_hal_msp.c **** 
 797              		.loc 1 341 5 is_stmt 1 view .LVU170
 798              	.LBB14:
 341:Src/stm32f1xx_hal_msp.c **** 
 799              		.loc 1 341 5 view .LVU171
 341:Src/stm32f1xx_hal_msp.c **** 
 800              		.loc 1 341 5 view .LVU172
 801 001a 03F55843 		add	r3, r3, #55296
 802 001e 9A69     		ldr	r2, [r3, #24]
 803 0020 42F48042 		orr	r2, r2, #16384
 804 0024 9A61     		str	r2, [r3, #24]
 341:Src/stm32f1xx_hal_msp.c **** 
 805              		.loc 1 341 5 view .LVU173
 806 0026 9A69     		ldr	r2, [r3, #24]
 807 0028 02F48042 		and	r2, r2, #16384
 808 002c 0092     		str	r2, [sp]
 341:Src/stm32f1xx_hal_msp.c **** 
 809              		.loc 1 341 5 view .LVU174
 810 002e 009A     		ldr	r2, [sp]
 811              	.LBE14:
 343:Src/stm32f1xx_hal_msp.c ****     /**USART1 GPIO Configuration
 812              		.loc 1 343 5 view .LVU175
 813              	.LBB15:
 343:Src/stm32f1xx_hal_msp.c ****     /**USART1 GPIO Configuration
 814              		.loc 1 343 5 view .LVU176
 343:Src/stm32f1xx_hal_msp.c ****     /**USART1 GPIO Configuration
 815              		.loc 1 343 5 view .LVU177
 816 0030 9A69     		ldr	r2, [r3, #24]
 817 0032 42F00802 		orr	r2, r2, #8
 818 0036 9A61     		str	r2, [r3, #24]
 343:Src/stm32f1xx_hal_msp.c ****     /**USART1 GPIO Configuration
 819              		.loc 1 343 5 view .LVU178
 820 0038 9B69     		ldr	r3, [r3, #24]
 821 003a 03F00803 		and	r3, r3, #8
ARM GAS  C:\Users\MAGIST~1\AppData\Local\Temp\cc6bK6vk.s 			page 23


 822 003e 0193     		str	r3, [sp, #4]
 343:Src/stm32f1xx_hal_msp.c ****     /**USART1 GPIO Configuration
 823              		.loc 1 343 5 view .LVU179
 824 0040 019B     		ldr	r3, [sp, #4]
 825              	.LBE15:
 348:Src/stm32f1xx_hal_msp.c ****     GPIO_InitStruct.Mode = GPIO_MODE_AF_PP;
 826              		.loc 1 348 5 view .LVU180
 348:Src/stm32f1xx_hal_msp.c ****     GPIO_InitStruct.Mode = GPIO_MODE_AF_PP;
 827              		.loc 1 348 25 is_stmt 0 view .LVU181
 828 0042 4023     		movs	r3, #64
 829 0044 0293     		str	r3, [sp, #8]
 349:Src/stm32f1xx_hal_msp.c ****     GPIO_InitStruct.Speed = GPIO_SPEED_FREQ_HIGH;
 830              		.loc 1 349 5 is_stmt 1 view .LVU182
 349:Src/stm32f1xx_hal_msp.c ****     GPIO_InitStruct.Speed = GPIO_SPEED_FREQ_HIGH;
 831              		.loc 1 349 26 is_stmt 0 view .LVU183
 832 0046 0223     		movs	r3, #2
 833 0048 0393     		str	r3, [sp, #12]
 350:Src/stm32f1xx_hal_msp.c ****     HAL_GPIO_Init(GPIOB, &GPIO_InitStruct);
 834              		.loc 1 350 5 is_stmt 1 view .LVU184
 350:Src/stm32f1xx_hal_msp.c ****     HAL_GPIO_Init(GPIOB, &GPIO_InitStruct);
 835              		.loc 1 350 27 is_stmt 0 view .LVU185
 836 004a 0323     		movs	r3, #3
 837 004c 0593     		str	r3, [sp, #20]
 351:Src/stm32f1xx_hal_msp.c **** 
 838              		.loc 1 351 5 is_stmt 1 view .LVU186
 839 004e 104D     		ldr	r5, .L63+4
 840 0050 02A9     		add	r1, sp, #8
 841 0052 2846     		mov	r0, r5
 842              	.LVL53:
 351:Src/stm32f1xx_hal_msp.c **** 
 843              		.loc 1 351 5 is_stmt 0 view .LVU187
 844 0054 FFF7FEFF 		bl	HAL_GPIO_Init
 845              	.LVL54:
 353:Src/stm32f1xx_hal_msp.c ****     GPIO_InitStruct.Mode = GPIO_MODE_INPUT;
 846              		.loc 1 353 5 is_stmt 1 view .LVU188
 353:Src/stm32f1xx_hal_msp.c ****     GPIO_InitStruct.Mode = GPIO_MODE_INPUT;
 847              		.loc 1 353 25 is_stmt 0 view .LVU189
 848 0058 8023     		movs	r3, #128
 849 005a 0293     		str	r3, [sp, #8]
 354:Src/stm32f1xx_hal_msp.c ****     GPIO_InitStruct.Pull = GPIO_NOPULL;
 850              		.loc 1 354 5 is_stmt 1 view .LVU190
 354:Src/stm32f1xx_hal_msp.c ****     GPIO_InitStruct.Pull = GPIO_NOPULL;
 851              		.loc 1 354 26 is_stmt 0 view .LVU191
 852 005c 0024     		movs	r4, #0
 853 005e 0394     		str	r4, [sp, #12]
 355:Src/stm32f1xx_hal_msp.c ****     HAL_GPIO_Init(GPIOB, &GPIO_InitStruct);
 854              		.loc 1 355 5 is_stmt 1 view .LVU192
 355:Src/stm32f1xx_hal_msp.c ****     HAL_GPIO_Init(GPIOB, &GPIO_InitStruct);
 855              		.loc 1 355 26 is_stmt 0 view .LVU193
 856 0060 0494     		str	r4, [sp, #16]
 356:Src/stm32f1xx_hal_msp.c **** 
 857              		.loc 1 356 5 is_stmt 1 view .LVU194
 858 0062 02A9     		add	r1, sp, #8
 859 0064 2846     		mov	r0, r5
 860 0066 FFF7FEFF 		bl	HAL_GPIO_Init
 861              	.LVL55:
 358:Src/stm32f1xx_hal_msp.c **** 
ARM GAS  C:\Users\MAGIST~1\AppData\Local\Temp\cc6bK6vk.s 			page 24


 862              		.loc 1 358 5 view .LVU195
 863              	.LBB16:
 358:Src/stm32f1xx_hal_msp.c **** 
 864              		.loc 1 358 5 view .LVU196
 865 006a 0A4A     		ldr	r2, .L63+8
 866 006c 5368     		ldr	r3, [r2, #4]
 867              	.LVL56:
 358:Src/stm32f1xx_hal_msp.c **** 
 868              		.loc 1 358 5 view .LVU197
 358:Src/stm32f1xx_hal_msp.c **** 
 869              		.loc 1 358 5 view .LVU198
 870 006e 43F0E063 		orr	r3, r3, #117440512
 871              	.LVL57:
 358:Src/stm32f1xx_hal_msp.c **** 
 872              		.loc 1 358 5 is_stmt 0 view .LVU199
 873 0072 43F00403 		orr	r3, r3, #4
 874              	.LVL58:
 358:Src/stm32f1xx_hal_msp.c **** 
 875              		.loc 1 358 5 is_stmt 1 view .LVU200
 876 0076 5360     		str	r3, [r2, #4]
 877              	.LBE16:
 361:Src/stm32f1xx_hal_msp.c ****     HAL_NVIC_EnableIRQ(USART1_IRQn);
 878              		.loc 1 361 5 view .LVU201
 879 0078 2246     		mov	r2, r4
 880 007a 2146     		mov	r1, r4
 881 007c 2520     		movs	r0, #37
 882 007e FFF7FEFF 		bl	HAL_NVIC_SetPriority
 883              	.LVL59:
 362:Src/stm32f1xx_hal_msp.c ****   /* USER CODE BEGIN USART1_MspInit 1 */
 884              		.loc 1 362 5 view .LVU202
 885 0082 2520     		movs	r0, #37
 886 0084 FFF7FEFF 		bl	HAL_NVIC_EnableIRQ
 887              	.LVL60:
 888              		.loc 1 368 1 is_stmt 0 view .LVU203
 889 0088 C5E7     		b	.L59
 890              	.L64:
 891 008a 00BF     		.align	2
 892              	.L63:
 893 008c 00380140 		.word	1073821696
 894 0090 000C0140 		.word	1073810432
 895 0094 00000140 		.word	1073807360
 896              		.cfi_endproc
 897              	.LFE74:
 899              		.section	.text.HAL_UART_MspDeInit,"ax",%progbits
 900              		.align	1
 901              		.global	HAL_UART_MspDeInit
 902              		.syntax unified
 903              		.thumb
 904              		.thumb_func
 905              		.fpu softvfp
 907              	HAL_UART_MspDeInit:
 908              	.LVL61:
 909              	.LFB75:
 369:Src/stm32f1xx_hal_msp.c **** 
 370:Src/stm32f1xx_hal_msp.c **** /**
 371:Src/stm32f1xx_hal_msp.c **** * @brief UART MSP De-Initialization
 372:Src/stm32f1xx_hal_msp.c **** * This function freeze the hardware resources used in this example
ARM GAS  C:\Users\MAGIST~1\AppData\Local\Temp\cc6bK6vk.s 			page 25


 373:Src/stm32f1xx_hal_msp.c **** * @param huart: UART handle pointer
 374:Src/stm32f1xx_hal_msp.c **** * @retval None
 375:Src/stm32f1xx_hal_msp.c **** */
 376:Src/stm32f1xx_hal_msp.c **** void HAL_UART_MspDeInit(UART_HandleTypeDef* huart)
 377:Src/stm32f1xx_hal_msp.c **** {
 910              		.loc 1 377 1 is_stmt 1 view -0
 911              		.cfi_startproc
 912              		@ args = 0, pretend = 0, frame = 0
 913              		@ frame_needed = 0, uses_anonymous_args = 0
 914              		.loc 1 377 1 is_stmt 0 view .LVU205
 915 0000 08B5     		push	{r3, lr}
 916              	.LCFI25:
 917              		.cfi_def_cfa_offset 8
 918              		.cfi_offset 3, -8
 919              		.cfi_offset 14, -4
 378:Src/stm32f1xx_hal_msp.c ****   if(huart->Instance==USART1)
 920              		.loc 1 378 3 is_stmt 1 view .LVU206
 921              		.loc 1 378 11 is_stmt 0 view .LVU207
 922 0002 0268     		ldr	r2, [r0]
 923              		.loc 1 378 5 view .LVU208
 924 0004 084B     		ldr	r3, .L69
 925 0006 9A42     		cmp	r2, r3
 926 0008 00D0     		beq	.L68
 927              	.LVL62:
 928              	.L65:
 379:Src/stm32f1xx_hal_msp.c ****   {
 380:Src/stm32f1xx_hal_msp.c ****   /* USER CODE BEGIN USART1_MspDeInit 0 */
 381:Src/stm32f1xx_hal_msp.c **** 
 382:Src/stm32f1xx_hal_msp.c ****   /* USER CODE END USART1_MspDeInit 0 */
 383:Src/stm32f1xx_hal_msp.c ****     /* Peripheral clock disable */
 384:Src/stm32f1xx_hal_msp.c ****     __HAL_RCC_USART1_CLK_DISABLE();
 385:Src/stm32f1xx_hal_msp.c **** 
 386:Src/stm32f1xx_hal_msp.c ****     /**USART1 GPIO Configuration
 387:Src/stm32f1xx_hal_msp.c ****     PB6     ------> USART1_TX
 388:Src/stm32f1xx_hal_msp.c ****     PB7     ------> USART1_RX
 389:Src/stm32f1xx_hal_msp.c ****     */
 390:Src/stm32f1xx_hal_msp.c ****     HAL_GPIO_DeInit(GPIOB, GPIO_PIN_6|GPIO_PIN_7);
 391:Src/stm32f1xx_hal_msp.c **** 
 392:Src/stm32f1xx_hal_msp.c ****     /* USART1 interrupt DeInit */
 393:Src/stm32f1xx_hal_msp.c ****     HAL_NVIC_DisableIRQ(USART1_IRQn);
 394:Src/stm32f1xx_hal_msp.c ****   /* USER CODE BEGIN USART1_MspDeInit 1 */
 395:Src/stm32f1xx_hal_msp.c **** 
 396:Src/stm32f1xx_hal_msp.c ****   /* USER CODE END USART1_MspDeInit 1 */
 397:Src/stm32f1xx_hal_msp.c ****   }
 398:Src/stm32f1xx_hal_msp.c **** 
 399:Src/stm32f1xx_hal_msp.c **** }
 929              		.loc 1 399 1 view .LVU209
 930 000a 08BD     		pop	{r3, pc}
 931              	.LVL63:
 932              	.L68:
 384:Src/stm32f1xx_hal_msp.c **** 
 933              		.loc 1 384 5 is_stmt 1 view .LVU210
 934 000c 074A     		ldr	r2, .L69+4
 935 000e 9369     		ldr	r3, [r2, #24]
 936 0010 23F48043 		bic	r3, r3, #16384
 937 0014 9361     		str	r3, [r2, #24]
 390:Src/stm32f1xx_hal_msp.c **** 
ARM GAS  C:\Users\MAGIST~1\AppData\Local\Temp\cc6bK6vk.s 			page 26


 938              		.loc 1 390 5 view .LVU211
 939 0016 C021     		movs	r1, #192
 940 0018 0548     		ldr	r0, .L69+8
 941              	.LVL64:
 390:Src/stm32f1xx_hal_msp.c **** 
 942              		.loc 1 390 5 is_stmt 0 view .LVU212
 943 001a FFF7FEFF 		bl	HAL_GPIO_DeInit
 944              	.LVL65:
 393:Src/stm32f1xx_hal_msp.c ****   /* USER CODE BEGIN USART1_MspDeInit 1 */
 945              		.loc 1 393 5 is_stmt 1 view .LVU213
 946 001e 2520     		movs	r0, #37
 947 0020 FFF7FEFF 		bl	HAL_NVIC_DisableIRQ
 948              	.LVL66:
 949              		.loc 1 399 1 is_stmt 0 view .LVU214
 950 0024 F1E7     		b	.L65
 951              	.L70:
 952 0026 00BF     		.align	2
 953              	.L69:
 954 0028 00380140 		.word	1073821696
 955 002c 00100240 		.word	1073876992
 956 0030 000C0140 		.word	1073810432
 957              		.cfi_endproc
 958              	.LFE75:
 960              		.text
 961              	.Letext0:
 962              		.file 2 "c:\\mcu\\toolchain\\arm-none-eabi\\include\\machine\\_default_types.h"
 963              		.file 3 "c:\\mcu\\toolchain\\arm-none-eabi\\include\\sys\\_stdint.h"
 964              		.file 4 "Drivers/CMSIS/Include/core_cm3.h"
 965              		.file 5 "Drivers/CMSIS/Device/ST/STM32F1xx/Include/system_stm32f1xx.h"
 966              		.file 6 "Drivers/CMSIS/Device/ST/STM32F1xx/Include/stm32f103xb.h"
 967              		.file 7 "Drivers/CMSIS/Device/ST/STM32F1xx/Include/stm32f1xx.h"
 968              		.file 8 "Drivers/STM32F1xx_HAL_Driver/Inc/stm32f1xx_hal_def.h"
 969              		.file 9 "Drivers/STM32F1xx_HAL_Driver/Inc/stm32f1xx_hal_gpio.h"
 970              		.file 10 "Drivers/STM32F1xx_HAL_Driver/Inc/stm32f1xx_hal_dma.h"
 971              		.file 11 "Drivers/STM32F1xx_HAL_Driver/Inc/stm32f1xx_hal_adc.h"
 972              		.file 12 "Drivers/STM32F1xx_HAL_Driver/Inc/stm32f1xx_hal_i2c.h"
 973              		.file 13 "Drivers/STM32F1xx_HAL_Driver/Inc/stm32f1xx_hal_tim.h"
 974              		.file 14 "Drivers/STM32F1xx_HAL_Driver/Inc/stm32f1xx_hal_uart.h"
 975              		.file 15 "Drivers/STM32F1xx_HAL_Driver/Inc/stm32f1xx_hal.h"
 976              		.file 16 "Drivers/STM32F1xx_HAL_Driver/Inc/stm32f1xx_hal_cortex.h"
ARM GAS  C:\Users\MAGIST~1\AppData\Local\Temp\cc6bK6vk.s 			page 27


DEFINED SYMBOLS
                            *ABS*:0000000000000000 stm32f1xx_hal_msp.c
C:\Users\MAGIST~1\AppData\Local\Temp\cc6bK6vk.s:16     .text.HAL_MspInit:0000000000000000 $t
C:\Users\MAGIST~1\AppData\Local\Temp\cc6bK6vk.s:24     .text.HAL_MspInit:0000000000000000 HAL_MspInit
C:\Users\MAGIST~1\AppData\Local\Temp\cc6bK6vk.s:88     .text.HAL_MspInit:000000000000003c $d
C:\Users\MAGIST~1\AppData\Local\Temp\cc6bK6vk.s:94     .text.HAL_ADC_MspInit:0000000000000000 $t
C:\Users\MAGIST~1\AppData\Local\Temp\cc6bK6vk.s:101    .text.HAL_ADC_MspInit:0000000000000000 HAL_ADC_MspInit
C:\Users\MAGIST~1\AppData\Local\Temp\cc6bK6vk.s:192    .text.HAL_ADC_MspInit:0000000000000058 $d
C:\Users\MAGIST~1\AppData\Local\Temp\cc6bK6vk.s:198    .text.HAL_ADC_MspDeInit:0000000000000000 $t
C:\Users\MAGIST~1\AppData\Local\Temp\cc6bK6vk.s:205    .text.HAL_ADC_MspDeInit:0000000000000000 HAL_ADC_MspDeInit
C:\Users\MAGIST~1\AppData\Local\Temp\cc6bK6vk.s:248    .text.HAL_ADC_MspDeInit:0000000000000020 $d
C:\Users\MAGIST~1\AppData\Local\Temp\cc6bK6vk.s:255    .text.HAL_I2C_MspInit:0000000000000000 $t
C:\Users\MAGIST~1\AppData\Local\Temp\cc6bK6vk.s:262    .text.HAL_I2C_MspInit:0000000000000000 HAL_I2C_MspInit
C:\Users\MAGIST~1\AppData\Local\Temp\cc6bK6vk.s:377    .text.HAL_I2C_MspInit:0000000000000068 $d
C:\Users\MAGIST~1\AppData\Local\Temp\cc6bK6vk.s:385    .text.HAL_I2C_MspDeInit:0000000000000000 $t
C:\Users\MAGIST~1\AppData\Local\Temp\cc6bK6vk.s:392    .text.HAL_I2C_MspDeInit:0000000000000000 HAL_I2C_MspDeInit
C:\Users\MAGIST~1\AppData\Local\Temp\cc6bK6vk.s:437    .text.HAL_I2C_MspDeInit:0000000000000030 $d
C:\Users\MAGIST~1\AppData\Local\Temp\cc6bK6vk.s:444    .text.HAL_TIM_Base_MspInit:0000000000000000 $t
C:\Users\MAGIST~1\AppData\Local\Temp\cc6bK6vk.s:451    .text.HAL_TIM_Base_MspInit:0000000000000000 HAL_TIM_Base_MspInit
C:\Users\MAGIST~1\AppData\Local\Temp\cc6bK6vk.s:511    .text.HAL_TIM_Base_MspInit:000000000000003c $d
C:\Users\MAGIST~1\AppData\Local\Temp\cc6bK6vk.s:516    .text.HAL_TIM_IC_MspInit:0000000000000000 $t
C:\Users\MAGIST~1\AppData\Local\Temp\cc6bK6vk.s:523    .text.HAL_TIM_IC_MspInit:0000000000000000 HAL_TIM_IC_MspInit
C:\Users\MAGIST~1\AppData\Local\Temp\cc6bK6vk.s:630    .text.HAL_TIM_IC_MspInit:0000000000000068 $d
C:\Users\MAGIST~1\AppData\Local\Temp\cc6bK6vk.s:636    .text.HAL_TIM_Base_MspDeInit:0000000000000000 $t
C:\Users\MAGIST~1\AppData\Local\Temp\cc6bK6vk.s:643    .text.HAL_TIM_Base_MspDeInit:0000000000000000 HAL_TIM_Base_MspDeInit
C:\Users\MAGIST~1\AppData\Local\Temp\cc6bK6vk.s:685    .text.HAL_TIM_Base_MspDeInit:0000000000000020 $d
C:\Users\MAGIST~1\AppData\Local\Temp\cc6bK6vk.s:691    .text.HAL_TIM_IC_MspDeInit:0000000000000000 $t
C:\Users\MAGIST~1\AppData\Local\Temp\cc6bK6vk.s:698    .text.HAL_TIM_IC_MspDeInit:0000000000000000 HAL_TIM_IC_MspDeInit
C:\Users\MAGIST~1\AppData\Local\Temp\cc6bK6vk.s:740    .text.HAL_TIM_IC_MspDeInit:0000000000000024 $d
C:\Users\MAGIST~1\AppData\Local\Temp\cc6bK6vk.s:746    .text.HAL_UART_MspInit:0000000000000000 $t
C:\Users\MAGIST~1\AppData\Local\Temp\cc6bK6vk.s:753    .text.HAL_UART_MspInit:0000000000000000 HAL_UART_MspInit
C:\Users\MAGIST~1\AppData\Local\Temp\cc6bK6vk.s:893    .text.HAL_UART_MspInit:000000000000008c $d
C:\Users\MAGIST~1\AppData\Local\Temp\cc6bK6vk.s:900    .text.HAL_UART_MspDeInit:0000000000000000 $t
C:\Users\MAGIST~1\AppData\Local\Temp\cc6bK6vk.s:907    .text.HAL_UART_MspDeInit:0000000000000000 HAL_UART_MspDeInit
C:\Users\MAGIST~1\AppData\Local\Temp\cc6bK6vk.s:954    .text.HAL_UART_MspDeInit:0000000000000028 $d

UNDEFINED SYMBOLS
HAL_GPIO_Init
HAL_GPIO_DeInit
HAL_NVIC_SetPriority
HAL_NVIC_EnableIRQ
HAL_NVIC_DisableIRQ
